
   INFO  Server running on [http://127.0.0.1:5000].  

  Press Ctrl+C to stop the server

  2023-03-12 11:26:51 ................................................... ~ 0s
  2023-03-12 11:26:51 /favicon.ico ...................................... ~ 0s
  2023-03-12 11:26:51 ................................................... ~ 0s
  2023-03-12 11:26:51 /favicon.ico ...................................... ~ 0s
  2023-03-12 11:27:38 ................................................... ~ 0s
  2023-03-12 11:27:38 /favicon.ico ...................................... ~ 0s

   INFO  Server running on [http://127.0.0.1:5000].  

  Press Ctrl+C to stop the server


   INFO  Server running on [http://127.0.0.1:5000].  

  Press Ctrl+C to stop the server


   INFO  Server running on [http://127.0.0.1:5000].  

  Press Ctrl+C to stop the server

  2023-03-12 11:36:08 ................................................... ~ 0s
  2023-03-12 11:36:08 /favicon.ico ...................................... ~ 0s
  2023-03-12 11:37:01 ................................................... ~ 0s
  2023-03-12 11:37:16 ................................................... ~ 0s
  2023-03-12 11:37:32 ................................................... ~ 0s
  2023-03-12 11:42:58 ................................................... ~ 0s
  2023-03-12 11:43:52 ................................................... ~ 0s
  2023-03-12 11:44:00 ................................................... ~ 0s
  2023-03-12 11:44:06 ................................................... ~ 0s
  2023-03-12 11:44:11 ................................................... ~ 0s
  2023-03-12 11:44:30 ................................................... ~ 0s
  2023-03-12 11:44:52 ................................................... ~ 0s
  2023-03-12 11:45:51 ................................................... ~ 0s
  2023-03-12 11:46:09 ................................................... ~ 0s
  2023-03-12 11:46:21 ................................................... ~ 0s
  2023-03-12 11:47:10 ................................................... ~ 0s
  2023-03-12 11:47:16 ................................................... ~ 0s
  2023-03-12 11:47:28 ................................................... ~ 0s
  2023-03-12 11:47:33 ................................................... ~ 0s

   INFO  Environment modified. Restarting server...  

   INFO  Server running on [http://127.0.0.1:5000].  

  Press Ctrl+C to stop the server


   INFO  Environment modified. Restarting server...  

   INFO  Server running on [http://127.0.0.1:5000].  

  Press Ctrl+C to stop the server


   INFO  Environment modified. Restarting server...  

   INFO  Server running on [http://127.0.0.1:5000].  

  Press Ctrl+C to stop the server

  2023-03-12 11:49:54 ................................................... ~ 0s
  2023-03-12 11:55:54 ................................................... ~ 0s
  2023-03-12 11:57:48 ................................................... ~ 0s
  2023-03-12 11:58:01 ................................................... ~ 0s
  2023-03-12 11:58:51 ................................................... ~ 0s
  2023-03-12 12:02:21 ................................................... ~ 0s
  2023-03-12 12:03:04 ................................................... ~ 0s
  2023-03-12 12:03:06 ................................................... ~ 0s
  2023-03-12 12:03:43 ................................................... ~ 0s
  2023-03-12 12:04:13 ................................................... ~ 0s
  2023-03-12 12:07:04 ................................................... ~ 0s
  2023-03-12 12:12:21 ................................................... ~ 0s
  2023-03-12 12:28:33 ................................................... ~ 0s
  2023-03-12 12:30:19 ................................................... ~ 0s
  2023-03-12 12:30:20 ................................................... ~ 0s
  2023-03-12 12:30:31 ................................................... ~ 0s
  2023-03-12 12:30:33 ................................................... ~ 0s

   INFO  Environment modified. Restarting server...  

   INFO  Server running on [http://127.0.0.1:5000].  

  Press Ctrl+C to stop the server


   INFO  Environment modified. Restarting server...  

   INFO  Server running on [http://127.0.0.1:5000].  

  Press Ctrl+C to stop the server

  2023-03-12 12:31:11 ................................................... ~ 0s

   INFO  Environment modified. Restarting server...  

   INFO  Server running on [http://127.0.0.1:5000].  

  Press Ctrl+C to stop the server

  2023-03-12 12:31:34 ................................................... ~ 0s

   INFO  Environment modified. Restarting server...  

   INFO  Server running on [http://127.0.0.1:5000].  

  Press Ctrl+C to stop the server

  2023-03-12 12:32:10 ................................................... ~ 0s

   INFO  Environment modified. Restarting server...  

   INFO  Server running on [http://127.0.0.1:5000].  

  Press Ctrl+C to stop the server

  2023-03-12 12:32:17 ................................................... ~ 1s
  2023-03-12 12:32:30 ................................................... ~ 0s
  2023-03-12 12:32:40 ................................................... ~ 0s
  2023-03-12 12:32:46 ................................................... ~ 0s
  2023-03-12 12:32:49 ................................................... ~ 0s

   INFO  Environment modified. Restarting server...  

   INFO  Server running on [http://127.0.0.1:5000].  

  Press Ctrl+C to stop the server

  2023-03-12 12:33:30 ................................................... ~ 0s
  2023-03-12 12:33:43 ................................................... ~ 0s
  2023-03-12 12:34:17 ................................................... ~ 0s
  2023-03-12 12:34:36 ................................................... ~ 0s
  2023-03-12 12:36:38 ................................................... ~ 0s
  2023-03-12 12:36:42 ................................................... ~ 0s
  2023-03-12 12:37:02 ................................................... ~ 0s
  2023-03-12 12:37:23 ................................................... ~ 0s
  2023-03-12 12:37:38 ................................................... ~ 0s
  2023-03-12 12:37:55 ................................................... ~ 0s
  2023-03-12 12:37:59 ................................................... ~ 0s
  2023-03-12 12:38:31 ................................................... ~ 0s
  2023-03-12 12:38:43 ................................................... ~ 0s
  2023-03-12 12:38:48 ................................................... ~ 0s
  2023-03-12 12:40:28 ................................................... ~ 0s
  2023-03-12 12:40:31 ................................................... ~ 0s
  2023-03-12 12:50:58 ................................................... ~ 0s
  2023-03-12 12:51:01 ................................................... ~ 0s
  2023-03-12 12:51:23 ................................................... ~ 0s
  2023-03-12 12:52:35 ................................................... ~ 0s
  2023-03-12 12:52:58 ................................................... ~ 0s
  2023-03-12 12:53:25 ................................................... ~ 0s
  2023-03-12 12:55:56 ................................................... ~ 0s
  2023-03-12 12:56:05 ................................................... ~ 0s
  2023-03-12 12:56:13 ................................................... ~ 0s
  2023-03-12 12:56:19 ................................................... ~ 0s
  2023-03-12 12:56:21 ................................................... ~ 0s

   INFO  Server running on [http://127.0.0.1:5000].  

  Press Ctrl+C to stop the server

  2023-03-12 13:56:52 ................................................... ~ 0s

   INFO  Environment modified. Restarting server...  

   INFO  Server running on [http://127.0.0.1:5000].  

  Press Ctrl+C to stop the server

  2023-03-12 13:58:26 ................................................... ~ 1s
  2023-03-12 13:58:36 ................................................... ~ 0s
  2023-03-12 13:58:39 ................................................... ~ 0s
  2023-03-12 13:59:50 ................................................... ~ 0s
  2023-03-12 14:00:31 ................................................... ~ 0s
  2023-03-12 14:05:43 ................................................... ~ 0s
  2023-03-12 14:06:43 ................................................... ~ 0s
  2023-03-12 14:06:57 ................................................... ~ 0s
  2023-03-12 14:07:30 ................................................... ~ 0s
  2023-03-12 14:07:47 ................................................... ~ 0s
  2023-03-12 14:07:56 ................................................... ~ 0s
  2023-03-12 14:08:19 ................................................... ~ 0s
  2023-03-12 14:09:19 ................................................... ~ 0s
  2023-03-12 14:09:46 ................................................... ~ 0s
  2023-03-12 14:10:23 ................................................... ~ 0s
  2023-03-12 14:10:29 ................................................... ~ 0s
  2023-03-12 14:10:31 ................................................... ~ 0s
  2023-03-12 14:11:48 ................................................... ~ 0s
  2023-03-12 14:12:02 ................................................... ~ 0s
  2023-03-12 14:13:45 ................................................... ~ 0s
  2023-03-12 14:13:49 ................................................... ~ 0s
  2023-03-12 14:14:08 ................................................... ~ 0s
  2023-03-12 14:16:09 ................................................... ~ 0s
  2023-03-12 14:16:56 ................................................... ~ 0s
  2023-03-12 14:17:07 ................................................... ~ 0s
  2023-03-12 14:19:54 ................................................... ~ 0s
  2023-03-12 14:20:04 ................................................... ~ 0s
  2023-03-12 14:20:22 ................................................... ~ 0s
  2023-03-12 14:20:31 ................................................... ~ 0s
  2023-03-12 14:20:38 ................................................... ~ 0s
  2023-03-12 14:20:45 ................................................... ~ 0s
  2023-03-12 14:20:57 ................................................... ~ 0s
  2023-03-12 14:21:03 ................................................... ~ 0s
  2023-03-12 14:21:24 ................................................... ~ 0s
  2023-03-12 14:25:54 ................................................... ~ 0s
  2023-03-12 14:26:08 ................................................... ~ 0s
  2023-03-12 14:26:13 ................................................... ~ 0s
  2023-03-12 14:26:33 ................................................... ~ 0s
  2023-03-12 14:26:37 ................................................... ~ 0s
  2023-03-12 14:26:41 ................................................... ~ 0s
  2023-03-12 14:29:05 ................................................... ~ 0s
  2023-03-12 14:29:08 ................................................... ~ 0s
  2023-03-12 14:29:12 ................................................... ~ 0s
  2023-03-12 14:29:17 ................................................... ~ 0s
  2023-03-12 14:31:46 ................................................... ~ 0s
  2023-03-12 14:31:48 ................................................... ~ 0s

   INFO  Server running on [http://127.0.0.1:5000].  

  Press Ctrl+C to stop the server

  2023-03-14 15:44:52 ................................................... ~ 0s
  2023-03-14 15:44:52 /favicon.ico ...................................... ~ 0s
